<?xml version="1.0" encoding="UTF-8"?>
<!-- Generated by org.testng.reporters.JUnitReportReporter -->
<testsuite skipped="0" hostname="Maani" name="com.htc.seleniumacademyPOM.test.RegistrationPageTest" tests="2" failures="0" timestamp="2021-02-12T17:12:21 IST" time="15.697" errors="0">
  <testcase name="testCreateAccount_fillMandatoryDetails_successfullyShouldCreateNewAcc" time="11.919" classname="com.htc.seleniumacademyPOM.test.RegistrationPageTest"/>
  <system-out/>
  <testcase name="testLoginPage_enterCredantials_shouldLoginSuccessful" time="3.778" classname="com.htc.seleniumacademyPOM.test.RegistrationPageTest"/>
  <system-out/>
</testsuite> <!-- com.htc.seleniumacademyPOM.test.RegistrationPageTest -->
